<?xml version="1.0" encoding="UTF-8"?>
<testsuite name="model.HUD.HPBarTest" tests="3" skipped="0" failures="0" errors="0" timestamp="2025-12-30T23:46:12" hostname="the-workshop" time="0.081">
  <properties/>
  <testcase name="constructor()" classname="model.HUD.HPBarTest" time="0.075"/>
  <testcase name="update()" classname="model.HUD.HPBarTest" time="0.003"/>
  <testcase name="createViewer()" classname="model.HUD.HPBarTest" time="0.002"/>
  <system-out><![CDATA[]]></system-out>
  <system-err><![CDATA[]]></system-err>
</testsuite>
