<?xml version="1.0" encoding="UTF-8"?>
<testsuite name="controller.HeroControllerTest" tests="6" skipped="0" failures="0" errors="0" timestamp="2025-12-30T23:46:11" hostname="the-workshop" time="0.036">
  <properties/>
  <testcase name="attack()" classname="controller.HeroControllerTest" time="0.025"/>
  <testcase name="moveUp()" classname="controller.HeroControllerTest" time="0.005"/>
  <testcase name="moveDown()" classname="controller.HeroControllerTest" time="0.001"/>
  <testcase name="moveLeft()" classname="controller.HeroControllerTest" time="0.001"/>
  <testcase name="moveRight()" classname="controller.HeroControllerTest" time="0.001"/>
  <testcase name="getModel()" classname="controller.HeroControllerTest" time="0.001"/>
  <system-out><![CDATA[]]></system-out>
  <system-err><![CDATA[]]></system-err>
</testsuite>
