<?xml version="1.0" encoding="UTF-8"?>
<testsuite name="model.WarriorTest" tests="4" skipped="0" failures="0" errors="0" timestamp="2025-12-30T23:46:12" hostname="the-workshop" time="0.005">
  <properties/>
  <testcase name="lifeSteal()" classname="model.WarriorTest" time="0.0"/>
  <testcase name="stuff()" classname="model.WarriorTest" time="0.002"/>
  <testcase name="hardness()" classname="model.WarriorTest" time="0.001"/>
  <testcase name="warriorConstruction()" classname="model.WarriorTest" time="0.0"/>
  <system-out><![CDATA[]]></system-out>
  <system-err><![CDATA[]]></system-err>
</testsuite>
