<?xml version="1.0" encoding="UTF-8"?>
<testsuite name="model.LevelUpChoiceTest" tests="6" skipped="0" failures="0" errors="0" timestamp="2025-12-30T23:46:11" hostname="the-workshop" time="0.122">
  <properties/>
  <testcase name="testLegendaryType()" classname="model.LevelUpChoiceTest" time="0.112"/>
  <testcase name="constructor()" classname="model.LevelUpChoiceTest" time="0.001"/>
  <testcase name="equals()" classname="model.LevelUpChoiceTest" time="0.001"/>
  <testcase name="testUncommonType()" classname="model.LevelUpChoiceTest" time="0.002"/>
  <testcase name="testCommonType()" classname="model.LevelUpChoiceTest" time="0.002"/>
  <testcase name="testRareType()" classname="model.LevelUpChoiceTest" time="0.002"/>
  <system-out><![CDATA[]]></system-out>
  <system-err><![CDATA[]]></system-err>
</testsuite>
