<?xml version="1.0" encoding="UTF-8"?>
<testsuite name="model.GunmanTest" tests="5" skipped="0" failures="0" errors="0" timestamp="2025-12-30T23:46:11" hostname="the-workshop" time="0.006">
  <properties/>
  <testcase name="gunmanConstruction()" classname="model.GunmanTest" time="0.001"/>
  <testcase name="reload()" classname="model.GunmanTest" time="0.001"/>
  <testcase name="resourceHitbox()" classname="model.GunmanTest" time="0.0"/>
  <testcase name="ammo()" classname="model.GunmanTest" time="0.0"/>
  <testcase name="updateResource()" classname="model.GunmanTest" time="0.001"/>
  <system-out><![CDATA[]]></system-out>
  <system-err><![CDATA[]]></system-err>
</testsuite>
