<?xml version="1.0" encoding="UTF-8"?>
<testsuite name="model.EnemyTest" tests="7" skipped="0" failures="0" errors="0" timestamp="2025-12-30T23:46:11" hostname="the-workshop" time="0.014">
  <properties/>
  <testcase name="isDead()" classname="model.EnemyTest" time="0.001"/>
  <testcase name="runner()" classname="model.EnemyTest" time="0.001"/>
  <testcase name="boss()" classname="model.EnemyTest" time="0.001"/>
  <testcase name="move()" classname="model.EnemyTest" time="0.004"/>
  <testcase name="bruiser()" classname="model.EnemyTest" time="0.001"/>
  <testcase name="crawler()" classname="model.EnemyTest" time="0.002"/>
  <testcase name="lastMoved()" classname="model.EnemyTest" time="0.001"/>
  <system-out><![CDATA[]]></system-out>
  <system-err><![CDATA[]]></system-err>
</testsuite>
