<?xml version="1.0" encoding="UTF-8"?>
<testsuite name="model.attackStrategies.BulletStrategyTest" tests="4" skipped="0" failures="0" errors="0" timestamp="2025-12-30T23:46:12" hostname="the-workshop" time="0.041">
  <properties/>
  <testcase name="bulletWhileReload()" classname="model.attackStrategies.BulletStrategyTest" time="0.026"/>
  <testcase name="bulletTestWork()" classname="model.attackStrategies.BulletStrategyTest" time="0.008"/>
  <testcase name="bulletNoAmmo()" classname="model.attackStrategies.BulletStrategyTest" time="0.003"/>
  <testcase name="bulletBeforeCooldown()" classname="model.attackStrategies.BulletStrategyTest" time="0.003"/>
  <system-out><![CDATA[1.0
0.1
]]></system-out>
  <system-err><![CDATA[]]></system-err>
</testsuite>
