<?xml version="1.0" encoding="UTF-8"?>
<testsuite name="model.MageTest" tests="4" skipped="0" failures="0" errors="0" timestamp="2025-12-30T23:46:11" hostname="the-workshop" time="0.004">
  <properties/>
  <testcase name="mageConstruction()" classname="model.MageTest" time="0.001"/>
  <testcase name="resourceHitbox()" classname="model.MageTest" time="0.001"/>
  <testcase name="mana()" classname="model.MageTest" time="0.001"/>
  <testcase name="updateResource()" classname="model.MageTest" time="0.001"/>
  <system-out><![CDATA[]]></system-out>
  <system-err><![CDATA[]]></system-err>
</testsuite>
